#
# There is insufficient memory for the Java Runtime Environment to continue.
# Native memory allocation (mmap) failed to map 32505856 bytes for Failed to commit area from 0x0000000089800000 to 0x000000008b700000 of length 32505856.
# Possible reasons:
#   The system is out of physical RAM or swap space
#   The process is running with CompressedOops enabled, and the Java Heap may be blocking the growth of the native heap
# Possible solutions:
#   Reduce memory load on the system
#   Increase physical memory or swap space
#   Check if swap backing store is full
#   Decrease Java heap size (-Xmx/-Xms)
#   Decrease number of Java threads
#   Decrease Java thread stack sizes (-Xss)
#   Set larger code cache with -XX:ReservedCodeCacheSize=
#   JVM is running with Unscaled Compressed Oops mode in which the Java heap is
#     placed in the first 4GB address space. The Java Heap base address is the
#     maximum limit for the native heap growth. Please use -XX:HeapBaseMinAddress
#     to set the Java Heap base and to place the Java Heap above 4GB virtual address.
# This output file may be truncated or incomplete.
#
#  Out of Memory Error (./src/hotspot/os/windows/os_windows.cpp:3619), pid=1116, tid=11584
#
# JRE version: OpenJDK Runtime Environment (11.0.13) (build 11.0.13+0-b1751.21-8125866)
# Java VM: OpenJDK 64-Bit Server VM (11.0.13+0-b1751.21-8125866, mixed mode, tiered, compressed oops, g1 gc, windows-amd64)
# No core dump will be written. Minidumps are not enabled by default on client versions of Windows
#

---------------  S U M M A R Y ------------

Command Line: --add-opens=java.base/java.util=ALL-UNNAMED --add-opens=java.base/java.lang=ALL-UNNAMED --add-opens=java.base/java.lang.invoke=ALL-UNNAMED --add-opens=java.base/java.util=ALL-UNNAMED --add-opens=java.prefs/java.util.prefs=ALL-UNNAMED --add-opens=java.prefs/java.util.prefs=ALL-UNNAMED --add-opens=java.base/java.nio.charset=ALL-UNNAMED --add-opens=java.base/java.net=ALL-UNNAMED --add-opens=java.base/java.util.concurrent.atomic=ALL-UNNAMED -Xmx2048m -Dfile.encoding=UTF-8 -Duser.country=US -Duser.language=en -Duser.variant org.gradle.launcher.daemon.bootstrap.GradleDaemon 7.4

Host: Intel(R) Core(TM) i7-10510U CPU @ 1.80GHz, 8 cores, 7G,  Windows 11 , 64 bit Build 22621 (10.0.22621.963)
Time: Tue Jan  3 23:16:05 2023 SE Asia Standard Time elapsed time: 38.245707 seconds (0d 0h 0m 38s)

---------------  T H R E A D  ---------------

Current thread (0x000002399eef6000):  VMThread "VM Thread" [stack: 0x0000006155200000,0x0000006155300000] [id=11584]

Stack: [0x0000006155200000,0x0000006155300000]
[error occurred during error reporting (printing stack bounds), id 0xc0000005, EXCEPTION_ACCESS_VIOLATION (0xc0000005) at pc=0x000002398857112d]

Native frames: (J=compiled Java code, j=interpreted, Vv=VM code, C=native code)
V  [jvm.dll+0x6100fa]
V  [jvm.dll+0x747090]
V  [jvm.dll+0x7486ad]
V  [jvm.dll+0x748ce5]
V  [jvm.dll+0x748c9b]
V  [jvm.dll+0x60f224]
V  [jvm.dll+0x60f9b8]
C  [ntdll.dll+0xa3eaf]
C  [ntdll.dll+0x1eae6]
C  [ntdll.dll+0xa2e9e]
C  0x000002398857112d

VM_Operation (0x000000615e6fbfe0): G1CollectForAllocation, mode: safepoint, requested by thread 0x00000239a316b000


---------------  P R O C E S S  ---------------

Threads class SMR info:
_java_thread_list=0x00000239a76ff340, length=142, elements={
0x0000023984a5c000, 0x000002399ef09000, 0x000002399ef0e000, 0x000002399ef05800,
0x000002399ef14000, 0x000002399ef15000, 0x000002399f771800, 0x000002399f777800,
0x000002399f782800, 0x000002399f8de800, 0x00000239a13ee800, 0x00000239a1bf7000,
0x00000239a0e8f800, 0x00000239a1148800, 0x00000239a195c000, 0x00000239a25c0800,
0x00000239a1e1c800, 0x00000239a051e800, 0x00000239a20ac000, 0x00000239a1ee9000,
0x00000239a1fcf000, 0x00000239a1fd4000, 0x00000239a1fd5800, 0x00000239a1fd4800,
0x00000239a1fcf800, 0x00000239a1fd0800, 0x00000239a1fd1800, 0x00000239a1fd2000,
0x00000239a1fd3000, 0x00000239a1f4b000, 0x00000239a1f4e800, 0x00000239a1f49800,
0x00000239a1f50000, 0x00000239a1f4f800, 0x00000239a1f4d000, 0x00000239a1f4d800,
0x00000239a1f4a800, 0x00000239a1f4c000, 0x00000239a1f55000, 0x00000239a1f51000,
0x00000239a1f56800, 0x00000239a1f57800, 0x00000239a1f51800, 0x00000239a1f52800,
0x00000239a1f53800, 0x00000239a1f54000, 0x00000239a1f56000, 0x00000239a6975000,
0x00000239a6976000, 0x00000239a6973800, 0x00000239a6974800, 0x00000239a6970000,
0x00000239a6977000, 0x00000239a6971000, 0x00000239a6977800, 0x00000239a6972000,
0x00000239a6978800, 0x00000239a6972800, 0x00000239a697d800, 0x00000239a6979000,
0x00000239a697a000, 0x00000239a697c800, 0x00000239a697e000, 0x00000239a697f000,
0x00000239a697b000, 0x00000239a697b800, 0x00000239a573d800, 0x00000239a5741800,
0x00000239a573f000, 0x00000239a5743000, 0x00000239a5744000, 0x00000239a5742000,
0x00000239a5740800, 0x00000239a573e000, 0x00000239a5744800, 0x00000239a5740000,
0x00000239a574b000, 0x00000239a5749800, 0x00000239a5749000, 0x00000239a5745800,
0x00000239a5746800, 0x00000239a574a800, 0x00000239a574c000, 0x00000239a5747000,
0x00000239a5748000, 0x000002399fdff800, 0x000002399fe03000, 0x000002399fe01000,
0x000002399fe02000, 0x000002399fe03800, 0x000002399fdfe000, 0x000002399fe04800,
0x000002399fe00800, 0x000002399fdfe800, 0x000002399fe07000, 0x000002399fe06000,
0x000002399fe07800, 0x000002399fe08800, 0x000002399fe09800, 0x000002399fe0a000,
0x000002399fe0b000, 0x000002399fe05000, 0x000002399fe0c000, 0x000002399fe0c800,
0x00000239a54f7000, 0x00000239a54fb800, 0x00000239a54fb000, 0x00000239a54f8800,
0x00000239a54f7800, 0x00000239a54ff000, 0x00000239a54fa000, 0x00000239a54fc800,
0x00000239a54fd800, 0x00000239a54f9800, 0x00000239a5502800, 0x00000239a5500000,
0x00000239a5500800, 0x00000239a5503000, 0x00000239a5504000, 0x00000239a5501800,
0x00000239a54fe000, 0x00000239a5505800, 0x00000239a5504800, 0x00000239a3163800,
0x00000239a315f800, 0x00000239a3163000, 0x00000239a315e800, 0x00000239a3160800,
0x00000239a3164800, 0x00000239a3165800, 0x00000239a3166000, 0x00000239a3167000,
0x00000239a70af000, 0x00000239a3161000, 0x00000239a3167800, 0x00000239a3162000,
0x00000239a316c800, 0x00000239a316b000, 0x00000239a316d800, 0x00000239a3168800,
0x00000239a3169800, 0x00000239a316a000
}

Java Threads: ( => current thread )
  0x0000023984a5c000 JavaThread "main" [_thread_blocked, id=13720, stack(0x0000006154c00000,0x0000006154d00000)]
  0x000002399ef09000 JavaThread "Reference Handler" daemon [_thread_blocked, id=10568, stack(0x0000006155300000,0x0000006155400000)]
  0x000002399ef0e000 JavaThread "Finalizer" daemon [_thread_blocked, id=4100, stack(0x0000006155400000,0x0000006155500000)]
  0x000002399ef05800 JavaThread "Signal Dispatcher" daemon [_thread_blocked, id=3116, stack(0x0000006155500000,0x0000006155600000)]
  0x000002399ef14000 JavaThread "Attach Listener" daemon [_thread_blocked, id=19672, stack(0x0000006155600000,0x0000006155700000)]
  0x000002399ef15000 JavaThread "Service Thread" daemon [_thread_blocked, id=18608, stack(0x0000006155700000,0x0000006155800000)]
  0x000002399f771800 JavaThread "C2 CompilerThread0" daemon [_thread_blocked, id=12480, stack(0x0000006155800000,0x0000006155900000)]
  0x000002399f777800 JavaThread "C1 CompilerThread0" daemon [_thread_blocked, id=9332, stack(0x0000006155900000,0x0000006155a00000)]
  0x000002399f782800 JavaThread "Sweeper thread" daemon [_thread_blocked, id=11948, stack(0x0000006155a00000,0x0000006155b00000)]
  0x000002399f8de800 JavaThread "Common-Cleaner" daemon [_thread_blocked, id=16876, stack(0x0000006155b00000,0x0000006155c00000)]
  0x00000239a13ee800 JavaThread "Daemon health stats" [_thread_blocked, id=19484, stack(0x0000006155d00000,0x0000006155e00000)]
  0x00000239a1bf7000 JavaThread "Incoming local TCP Connector on port 56089" [_thread_in_native, id=2816, stack(0x0000006156000000,0x0000006156100000)]
  0x00000239a0e8f800 JavaThread "Daemon periodic checks" [_thread_blocked, id=10124, stack(0x0000006156100000,0x0000006156200000)]
  0x00000239a1148800 JavaThread "Daemon" [_thread_blocked, id=772, stack(0x0000006156200000,0x0000006156300000)]
  0x00000239a195c000 JavaThread "Handler for socket connection from /127.0.0.1:56089 to /127.0.0.1:56090" [_thread_in_native, id=18664, stack(0x0000006156300000,0x0000006156400000)]
  0x00000239a25c0800 JavaThread "Cancel handler" [_thread_blocked, id=9776, stack(0x0000006156400000,0x0000006156500000)]
  0x00000239a1e1c800 JavaThread "Daemon worker" [_thread_blocked, id=21316, stack(0x0000006156500000,0x0000006156600000)]
  0x00000239a051e800 JavaThread "Asynchronous log dispatcher for DefaultDaemonConnection: socket connection from /127.0.0.1:56089 to /127.0.0.1:56090" [_thread_blocked, id=8284, stack(0x0000006156600000,0x0000006156700000)]
  0x00000239a20ac000 JavaThread "Stdin handler" [_thread_blocked, id=10180, stack(0x0000006156700000,0x0000006156800000)]
  0x00000239a1ee9000 JavaThread "Daemon client event forwarder" [_thread_blocked, id=20564, stack(0x0000006156800000,0x0000006156900000)]
  0x00000239a1fcf000 JavaThread "Cache worker for journal cache (C:\Users\quang\.gradle\caches\journal-1)" [_thread_blocked, id=11544, stack(0x0000006156e00000,0x0000006156f00000)]
  0x00000239a1fd4000 JavaThread "File lock request listener" [_thread_in_native, id=7108, stack(0x0000006156f00000,0x0000006157000000)]
  0x00000239a1fd5800 JavaThread "Cache worker for file hash cache (C:\Users\quang\.gradle\caches\7.4\fileHashes)" [_thread_blocked, id=2028, stack(0x0000006157000000,0x0000006157100000)]
  0x00000239a1fd4800 JavaThread "File watcher server" daemon [_thread_blocked, id=5692, stack(0x0000006157300000,0x0000006157400000)]
  0x00000239a1fcf800 JavaThread "File watcher consumer" daemon [_thread_blocked, id=17776, stack(0x0000006157400000,0x0000006157500000)]
  0x00000239a1fd0800 JavaThread "Cache worker for checksums cache (D:\Mobile_Project\Covid-19-Android-App\.gradle\7.4\checksums)" [_thread_blocked, id=16624, stack(0x0000006157200000,0x0000006157300000)]
  0x00000239a1fd1800 JavaThread "Cache worker for cache directory md-rule (C:\Users\quang\.gradle\caches\7.4\md-rule)" [_thread_blocked, id=8408, stack(0x0000006157500000,0x0000006157600000)]
  0x00000239a1fd2000 JavaThread "Cache worker for file hash cache (D:\Mobile_Project\Covid-19-Android-App\.gradle\7.4\fileHashes)" [_thread_blocked, id=20624, stack(0x0000006157700000,0x0000006157800000)]
  0x00000239a1fd3000 JavaThread "Cache worker for cache directory md-supplier (C:\Users\quang\.gradle\caches\7.4\md-supplier)" [_thread_blocked, id=17480, stack(0x0000006157600000,0x0000006157700000)]
  0x00000239a1f4b000 JavaThread "Cache worker for execution history cache (C:\Users\quang\.gradle\caches\7.4\executionHistory)" [_thread_blocked, id=13348, stack(0x0000006157800000,0x0000006157900000)]
  0x00000239a1f4e800 JavaThread "jar transforms" [_thread_blocked, id=20092, stack(0x0000006157a00000,0x0000006157b00000)]
  0x00000239a1f49800 JavaThread "Cache worker for file content cache (C:\Users\quang\.gradle\caches\7.4\fileContent)" [_thread_blocked, id=20764, stack(0x0000006157b00000,0x0000006157c00000)]
  0x00000239a1f50000 JavaThread "jar transforms Thread 2" [_thread_blocked, id=10188, stack(0x0000006157c00000,0x0000006157d00000)]
  0x00000239a1f4f800 JavaThread "Cache worker for dependencies-accessors (D:\Mobile_Project\Covid-19-Android-App\.gradle\7.4\dependencies-accessors)" [_thread_blocked, id=10448, stack(0x0000006157d00000,0x0000006157e00000)]
  0x00000239a1f4d000 JavaThread "jar transforms Thread 3" [_thread_blocked, id=16520, stack(0x0000006157e00000,0x0000006157f00000)]
  0x00000239a1f4d800 JavaThread "Cache worker for Build Output Cleanup Cache (D:\Mobile_Project\Covid-19-Android-App\.gradle\buildOutputCleanup)" [_thread_blocked, id=17020, stack(0x0000006157900000,0x0000006157a00000)]
  0x00000239a1f4a800 JavaThread "Unconstrained build operations" [_thread_blocked, id=18448, stack(0x0000006157f00000,0x0000006158000000)]
  0x00000239a1f4c000 JavaThread "Unconstrained build operations Thread 2" [_thread_blocked, id=3848, stack(0x0000006158000000,0x0000006158100000)]
  0x00000239a1f55000 JavaThread "Unconstrained build operations Thread 3" [_thread_blocked, id=10052, stack(0x0000006158100000,0x0000006158200000)]
  0x00000239a1f51000 JavaThread "Unconstrained build operations Thread 4" [_thread_blocked, id=17652, stack(0x0000006158200000,0x0000006158300000)]
  0x00000239a1f56800 JavaThread "Unconstrained build operations Thread 5" [_thread_blocked, id=15908, stack(0x0000006158300000,0x0000006158400000)]
  0x00000239a1f57800 JavaThread "Unconstrained build operations Thread 6" [_thread_blocked, id=21388, stack(0x0000006158400000,0x0000006158500000)]
  0x00000239a1f51800 JavaThread "Unconstrained build operations Thread 7" [_thread_blocked, id=21040, stack(0x0000006158500000,0x0000006158600000)]
  0x00000239a1f52800 JavaThread "Unconstrained build operations Thread 8" [_thread_blocked, id=20068, stack(0x0000006158600000,0x0000006158700000)]
  0x00000239a1f53800 JavaThread "Unconstrained build operations Thread 9" [_thread_blocked, id=11844, stack(0x0000006158700000,0x0000006158800000)]
  0x00000239a1f54000 JavaThread "Unconstrained build operations Thread 10" [_thread_blocked, id=15572, stack(0x0000006158800000,0x0000006158900000)]
  0x00000239a1f56000 JavaThread "Unconstrained build operations Thread 11" [_thread_blocked, id=5864, stack(0x0000006158900000,0x0000006158a00000)]
  0x00000239a6975000 JavaThread "Unconstrained build operations Thread 12" [_thread_blocked, id=18512, stack(0x0000006158a00000,0x0000006158b00000)]
  0x00000239a6976000 JavaThread "Unconstrained build operations Thread 13" [_thread_blocked, id=21112, stack(0x0000006158b00000,0x0000006158c00000)]
  0x00000239a6973800 JavaThread "Unconstrained build operations Thread 14" [_thread_blocked, id=14368, stack(0x0000006158c00000,0x0000006158d00000)]
  0x00000239a6974800 JavaThread "Unconstrained build operations Thread 15" [_thread_blocked, id=5036, stack(0x0000006158d00000,0x0000006158e00000)]
  0x00000239a6970000 JavaThread "Unconstrained build operations Thread 16" [_thread_blocked, id=8352, stack(0x0000006158e00000,0x0000006158f00000)]
  0x00000239a6977000 JavaThread "Unconstrained build operations Thread 17" [_thread_blocked, id=10884, stack(0x0000006158f00000,0x0000006159000000)]
  0x00000239a6971000 JavaThread "Unconstrained build operations Thread 18" [_thread_blocked, id=9800, stack(0x0000006159000000,0x0000006159100000)]
  0x00000239a6977800 JavaThread "Unconstrained build operations Thread 19" [_thread_blocked, id=10144, stack(0x0000006159100000,0x0000006159200000)]
  0x00000239a6972000 JavaThread "Unconstrained build operations Thread 20" [_thread_blocked, id=21188, stack(0x0000006159200000,0x0000006159300000)]
  0x00000239a6978800 JavaThread "Unconstrained build operations Thread 21" [_thread_blocked, id=5948, stack(0x0000006159300000,0x0000006159400000)]
  0x00000239a6972800 JavaThread "Unconstrained build operations Thread 22" [_thread_blocked, id=15588, stack(0x0000006159400000,0x0000006159500000)]
  0x00000239a697d800 JavaThread "Unconstrained build operations Thread 23" [_thread_blocked, id=14456, stack(0x0000006159500000,0x0000006159600000)]
  0x00000239a6979000 JavaThread "Unconstrained build operations Thread 24" [_thread_blocked, id=15408, stack(0x0000006159600000,0x0000006159700000)]
  0x00000239a697a000 JavaThread "Unconstrained build operations Thread 25" [_thread_blocked, id=9328, stack(0x0000006159700000,0x0000006159800000)]
  0x00000239a697c800 JavaThread "Unconstrained build operations Thread 26" [_thread_blocked, id=5392, stack(0x0000006159800000,0x0000006159900000)]
  0x00000239a697e000 JavaThread "Unconstrained build operations Thread 27" [_thread_blocked, id=2292, stack(0x0000006159900000,0x0000006159a00000)]
  0x00000239a697f000 JavaThread "Unconstrained build operations Thread 28" [_thread_blocked, id=19404, stack(0x0000006159a00000,0x0000006159b00000)]
  0x00000239a697b000 JavaThread "Unconstrained build operations Thread 29" [_thread_blocked, id=13156, stack(0x0000006159b00000,0x0000006159c00000)]
  0x00000239a697b800 JavaThread "Unconstrained build operations Thread 30" [_thread_blocked, id=6644, stack(0x0000006159c00000,0x0000006159d00000)]
  0x00000239a573d800 JavaThread "Unconstrained build operations Thread 31" [_thread_blocked, id=20360, stack(0x0000006159d00000,0x0000006159e00000)]
  0x00000239a5741800 JavaThread "Unconstrained build operations Thread 32" [_thread_blocked, id=16260, stack(0x0000006159e00000,0x0000006159f00000)]
  0x00000239a573f000 JavaThread "Unconstrained build operations Thread 33" [_thread_blocked, id=18144, stack(0x0000006159f00000,0x000000615a000000)]
  0x00000239a5743000 JavaThread "Unconstrained build operations Thread 34" [_thread_blocked, id=20472, stack(0x000000615a000000,0x000000615a100000)]
  0x00000239a5744000 JavaThread "Unconstrained build operations Thread 35" [_thread_blocked, id=19224, stack(0x000000615a100000,0x000000615a200000)]
  0x00000239a5742000 JavaThread "Unconstrained build operations Thread 36" [_thread_blocked, id=20216, stack(0x000000615a200000,0x000000615a300000)]
  0x00000239a5740800 JavaThread "Unconstrained build operations Thread 37" [_thread_blocked, id=14308, stack(0x000000615a300000,0x000000615a400000)]
  0x00000239a573e000 JavaThread "Unconstrained build operations Thread 38" [_thread_blocked, id=4700, stack(0x000000615a400000,0x000000615a500000)]
  0x00000239a5744800 JavaThread "Unconstrained build operations Thread 39" [_thread_blocked, id=7516, stack(0x000000615a500000,0x000000615a600000)]
  0x00000239a5740000 JavaThread "Unconstrained build operations Thread 40" [_thread_blocked, id=4416, stack(0x000000615a600000,0x000000615a700000)]
  0x00000239a574b000 JavaThread "Unconstrained build operations Thread 41" [_thread_blocked, id=15356, stack(0x000000615a700000,0x000000615a800000)]
  0x00000239a5749800 JavaThread "Unconstrained build operations Thread 42" [_thread_blocked, id=4320, stack(0x000000615a800000,0x000000615a900000)]
  0x00000239a5749000 JavaThread "Unconstrained build operations Thread 43" [_thread_blocked, id=19352, stack(0x000000615a900000,0x000000615aa00000)]
  0x00000239a5745800 JavaThread "Unconstrained build operations Thread 44" [_thread_blocked, id=18488, stack(0x000000615aa00000,0x000000615ab00000)]
  0x00000239a5746800 JavaThread "Unconstrained build operations Thread 45" [_thread_blocked, id=14844, stack(0x000000615ab00000,0x000000615ac00000)]
  0x00000239a574a800 JavaThread "Unconstrained build operations Thread 46" [_thread_blocked, id=18764, stack(0x000000615ac00000,0x000000615ad00000)]
  0x00000239a574c000 JavaThread "Unconstrained build operations Thread 47" [_thread_blocked, id=20552, stack(0x000000615ad00000,0x000000615ae00000)]
  0x00000239a5747000 JavaThread "Unconstrained build operations Thread 48" [_thread_blocked, id=18520, stack(0x000000615ae00000,0x000000615af00000)]
  0x00000239a5748000 JavaThread "Unconstrained build operations Thread 49" [_thread_blocked, id=10048, stack(0x000000615af00000,0x000000615b000000)]
  0x000002399fdff800 JavaThread "Unconstrained build operations Thread 50" [_thread_blocked, id=16488, stack(0x000000615b000000,0x000000615b100000)]
  0x000002399fe03000 JavaThread "Unconstrained build operations Thread 51" [_thread_blocked, id=16832, stack(0x000000615b100000,0x000000615b200000)]
  0x000002399fe01000 JavaThread "Unconstrained build operations Thread 52" [_thread_blocked, id=15232, stack(0x000000615b200000,0x000000615b300000)]
  0x000002399fe02000 JavaThread "Unconstrained build operations Thread 53" [_thread_blocked, id=15616, stack(0x000000615b300000,0x000000615b400000)]
  0x000002399fe03800 JavaThread "Unconstrained build operations Thread 54" [_thread_blocked, id=19828, stack(0x000000615b400000,0x000000615b500000)]
  0x000002399fdfe000 JavaThread "Unconstrained build operations Thread 55" [_thread_blocked, id=4664, stack(0x000000615b500000,0x000000615b600000)]
  0x000002399fe04800 JavaThread "Unconstrained build operations Thread 56" [_thread_blocked, id=11816, stack(0x000000615b600000,0x000000615b700000)]
  0x000002399fe00800 JavaThread "Unconstrained build operations Thread 57" [_thread_blocked, id=20260, stack(0x000000615b700000,0x000000615b800000)]
  0x000002399fdfe800 JavaThread "Unconstrained build operations Thread 58" [_thread_blocked, id=9640, stack(0x000000615b800000,0x000000615b900000)]
  0x000002399fe07000 JavaThread "Unconstrained build operations Thread 59" [_thread_blocked, id=11000, stack(0x000000615b900000,0x000000615ba00000)]
  0x000002399fe06000 JavaThread "Unconstrained build operations Thread 60" [_thread_blocked, id=12400, stack(0x000000615ba00000,0x000000615bb00000)]
  0x000002399fe07800 JavaThread "Unconstrained build operations Thread 61" [_thread_blocked, id=17404, stack(0x000000615bb00000,0x000000615bc00000)]
  0x000002399fe08800 JavaThread "Unconstrained build operations Thread 62" [_thread_blocked, id=16956, stack(0x000000615bc00000,0x000000615bd00000)]
  0x000002399fe09800 JavaThread "Unconstrained build operations Thread 63" [_thread_blocked, id=19820, stack(0x000000615bd00000,0x000000615be00000)]
  0x000002399fe0a000 JavaThread "Unconstrained build operations Thread 64" [_thread_blocked, id=19468, stack(0x000000615be00000,0x000000615bf00000)]
  0x000002399fe0b000 JavaThread "Unconstrained build operations Thread 65" [_thread_blocked, id=4640, stack(0x000000615bf00000,0x000000615c000000)]
  0x000002399fe05000 JavaThread "Unconstrained build operations Thread 66" [_thread_blocked, id=11704, stack(0x000000615c000000,0x000000615c100000)]
  0x000002399fe0c000 JavaThread "Unconstrained build operations Thread 67" [_thread_blocked, id=14736, stack(0x000000615c100000,0x000000615c200000)]
  0x000002399fe0c800 JavaThread "Unconstrained build operations Thread 68" [_thread_blocked, id=20596, stack(0x000000615c200000,0x000000615c300000)]
  0x00000239a54f7000 JavaThread "Unconstrained build operations Thread 69" [_thread_blocked, id=5700, stack(0x000000615c300000,0x000000615c400000)]
  0x00000239a54fb800 JavaThread "Unconstrained build operations Thread 70" [_thread_blocked, id=9380, stack(0x000000615c400000,0x000000615c500000)]
  0x00000239a54fb000 JavaThread "Unconstrained build operations Thread 71" [_thread_blocked, id=13436, stack(0x000000615c500000,0x000000615c600000)]
  0x00000239a54f8800 JavaThread "Unconstrained build operations Thread 72" [_thread_blocked, id=14732, stack(0x000000615c600000,0x000000615c700000)]
  0x00000239a54f7800 JavaThread "Unconstrained build operations Thread 73" [_thread_blocked, id=18572, stack(0x000000615c700000,0x000000615c800000)]
  0x00000239a54ff000 JavaThread "Unconstrained build operations Thread 74" [_thread_blocked, id=17456, stack(0x000000615c800000,0x000000615c900000)]
  0x00000239a54fa000 JavaThread "Unconstrained build operations Thread 75" [_thread_blocked, id=9784, stack(0x000000615c900000,0x000000615ca00000)]
  0x00000239a54fc800 JavaThread "Unconstrained build operations Thread 76" [_thread_blocked, id=17892, stack(0x000000615ca00000,0x000000615cb00000)]
  0x00000239a54fd800 JavaThread "Unconstrained build operations Thread 77" [_thread_blocked, id=10076, stack(0x000000615cb00000,0x000000615cc00000)]
  0x00000239a54f9800 JavaThread "Unconstrained build operations Thread 78" [_thread_blocked, id=15184, stack(0x000000615cc00000,0x000000615cd00000)]
  0x00000239a5502800 JavaThread "Unconstrained build operations Thread 79" [_thread_blocked, id=1868, stack(0x000000615cd00000,0x000000615ce00000)]
  0x00000239a5500000 JavaThread "Unconstrained build operations Thread 80" [_thread_blocked, id=18428, stack(0x000000615ce00000,0x000000615cf00000)]
  0x00000239a5500800 JavaThread "jar transforms Thread 4" [_thread_blocked, id=13984, stack(0x000000615cf00000,0x000000615d000000)]
  0x00000239a5503000 JavaThread "jar transforms Thread 5" [_thread_blocked, id=18728, stack(0x000000615d000000,0x000000615d100000)]
  0x00000239a5504000 JavaThread "jar transforms Thread 6" [_thread_blocked, id=7856, stack(0x000000615d100000,0x000000615d200000)]
  0x00000239a5501800 JavaThread "jar transforms Thread 7" [_thread_blocked, id=18436, stack(0x000000615d200000,0x000000615d300000)]
  0x00000239a54fe000 JavaThread "jar transforms Thread 8" [_thread_blocked, id=16368, stack(0x000000615d300000,0x000000615d400000)]
  0x00000239a5505800 JavaThread "Memory manager" [_thread_blocked, id=15452, stack(0x000000615d400000,0x000000615d500000)]
  0x00000239a5504800 JavaThread "build event listener" [_thread_blocked, id=17260, stack(0x000000615d600000,0x000000615d700000)]
  0x00000239a3163800 JavaThread "included builds" [_thread_blocked, id=8636, stack(0x000000615d700000,0x000000615d800000)]
  0x00000239a315f800 JavaThread "Execution worker for ':'" [_thread_blocked, id=14744, stack(0x000000615d800000,0x000000615d900000)]
  0x00000239a3163000 JavaThread "Execution worker for ':' Thread 2" [_thread_blocked, id=16088, stack(0x000000615d900000,0x000000615da00000)]
  0x00000239a315e800 JavaThread "Execution worker for ':' Thread 3" [_thread_blocked, id=17744, stack(0x000000615da00000,0x000000615db00000)]
  0x00000239a3160800 JavaThread "Execution worker for ':' Thread 4" [_thread_blocked, id=13680, stack(0x000000615db00000,0x000000615dc00000)]
  0x00000239a3164800 JavaThread "Execution worker for ':' Thread 5" [_thread_blocked, id=5484, stack(0x000000615dc00000,0x000000615dd00000)]
  0x00000239a3165800 JavaThread "Execution worker for ':' Thread 6" [_thread_blocked, id=11736, stack(0x000000615dd00000,0x000000615de00000)]
  0x00000239a3166000 JavaThread "Execution worker for ':' Thread 7" [_thread_blocked, id=20128, stack(0x000000615de00000,0x000000615df00000)]
  0x00000239a3167000 JavaThread "Cache worker for execution history cache (D:\Mobile_Project\Covid-19-Android-App\.gradle\7.4\executionHistory)" [_thread_blocked, id=18864, stack(0x000000615df00000,0x000000615e000000)]
  0x00000239a70af000 JavaThread "C2 CompilerThread1" daemon [_thread_blocked, id=19648, stack(0x000000615d500000,0x000000615d600000)]
  0x00000239a3161000 JavaThread "WorkerExecutor Queue" [_thread_blocked, id=16020, stack(0x000000615e200000,0x000000615e300000)]
  0x00000239a3167800 JavaThread "WorkerExecutor Queue Thread 2" [_thread_blocked, id=19864, stack(0x000000615e300000,0x000000615e400000)]
  0x00000239a3162000 JavaThread "WorkerExecutor Queue Thread 3" [_thread_blocked, id=10664, stack(0x000000615e400000,0x000000615e500000)]
  0x00000239a316c800 JavaThread "WorkerExecutor Queue Thread 4" [_thread_blocked, id=13208, stack(0x000000615e500000,0x000000615e600000)]
  0x00000239a316b000 JavaThread "WorkerExecutor Queue Thread 5" [_thread_blocked, id=13012, stack(0x000000615e600000,0x000000615e700000)]
  0x00000239a316d800 JavaThread "WorkerExecutor Queue Thread 6" [_thread_blocked, id=17872, stack(0x000000615e700000,0x000000615e800000)]
  0x00000239a3168800 JavaThread "WorkerExecutor Queue Thread 7" [_thread_blocked, id=15196, stack(0x000000615e800000,0x000000615e900000)]
  0x00000239a3169800 JavaThread "WorkerExecutor Queue Thread 8" [_thread_blocked, id=16144, stack(0x000000615e900000,0x000000615ea00000)]
  0x00000239a316a000 JavaThread "Java2D Disposer" daemon [_thread_blocked, id=17424, stack(0x000000615ea00000,0x000000615eb00000)]

Other Threads:
=>0x000002399eef6000 VMThread "VM Thread" [stack: 0x0000006155200000,0x0000006155300000] [id=11584]
  0x000002399f8e3800 WatcherThread [stack: 0x0000006155c00000,0x0000006155d00000] [id=11476]
  0x0000023984a72800 GCTaskThread "GC Thread#0" [stack: 0x0000006154d00000,0x0000006154e00000] [id=15812]
  0x00000239a0406000 GCTaskThread "GC Thread#1" [stack: 0x0000006155e00000,0x0000006155f00000] [id=19428]
  0x00000239a0257000 GCTaskThread "GC Thread#2" [stack: 0x0000006155f00000,0x0000006156000000] [id=8000]
  0x00000239a07f1800 GCTaskThread "GC Thread#3" [stack: 0x0000006156900000,0x0000006156a00000] [id=7260]
  0x00000239a176a800 GCTaskThread "GC Thread#4" [stack: 0x0000006156a00000,0x0000006156b00000] [id=19156]
  0x00000239a1d66000 GCTaskThread "GC Thread#5" [stack: 0x0000006156b00000,0x0000006156c00000] [id=16764]
  0x00000239a0a0d800 GCTaskThread "GC Thread#6" [stack: 0x0000006156c00000,0x0000006156d00000] [id=19480]
  0x00000239a069b000 GCTaskThread "GC Thread#7" [stack: 0x0000006156d00000,0x0000006156e00000] [id=14008]
  0x0000023984aa6800 ConcurrentGCThread "G1 Main Marker" [stack: 0x0000006154e00000,0x0000006154f00000] [id=3684]
  0x0000023984aa7800 ConcurrentGCThread "G1 Conc#0" [stack: 0x0000006154f00000,0x0000006155000000] [id=12440]
  0x00000239a1ea7000 ConcurrentGCThread "G1 Conc#1" [stack: 0x0000006157100000,0x0000006157200000] [id=20456]
  0x000002399ed44800 ConcurrentGCThread "G1 Refine#0" [stack: 0x0000006155000000,0x0000006155100000] [id=17712]
  0x0000023984b2d000 ConcurrentGCThread "G1 Young RemSet Sampling" [stack: 0x0000006155100000,0x0000006155200000] [id=19712]

Threads with active compile tasks:
C2 CompilerThread0  38287 11828   !   4       java.io.ObjectInputStream::readSerialData (563 bytes)
C2 CompilerThread1  38287 11827       4       java.io.ObjectStreamClass$FieldReflector::setObjFieldValues (259 bytes)

VM state:at safepoint (normal execution)

VM Mutex/Monitor currently owned by a thread:  ([mutex/lock_event])
[0x0000023984a577e0] Threads_lock - owner thread: 0x000002399eef6000
[0x0000023984a58560] Heap_lock - owner thread: 0x00000239a316b000

Heap address: 0x0000000080000000, size: 2048 MB, Compressed Oops mode: 32-bit
Narrow klass base: 0x0000000000000000, Narrow klass shift: 3
Compressed class space size: 1073741824 Address: 0x0000000100000000

Heap:
 garbage-first heap   total 187392K, used 119386K [0x0000000080000000, 0x0000000100000000)
  region size 1024K, 2 young (2048K), 2 survivors (2048K)
 Metaspace       used 93435K, capacity 95786K, committed 96208K, reserved 1132544K
  class space    used 11824K, capacity 12701K, committed 12800K, reserved 1048576K
Heap Regions: E=young(eden), S=young(survivor), O=old, HS=humongous(starts), HC=humongous(continues), CS=collection set, F=free, A=archive, TAMS=top-at-mark-start (previous, next)
|   0|0x0000000080000000, 0x0000000080100000, 0x0000000080100000|100%| O|  |TAMS 0x0000000080100000, 0x0000000080000000| Updating 
|   1|0x0000000080100000, 0x0000000080200000, 0x0000000080200000|100%| O|  |TAMS 0x0000000080200000, 0x0000000080100000| Updating 
|   2|0x0000000080200000, 0x0000000080300000, 0x0000000080300000|100%| O|  |TAMS 0x0000000080300000, 0x0000000080200000| Updating 
|   3|0x0000000080300000, 0x0000000080400000, 0x0000000080400000|100%|HS|  |TAMS 0x0000000080400000, 0x0000000080300000| Complete 
|   4|0x0000000080400000, 0x0000000080500000, 0x0000000080500000|100%|HC|  |TAMS 0x0000000080500000, 0x0000000080400000| Complete 
|   5|0x0000000080500000, 0x0000000080600000, 0x0000000080600000|100%|HC|  |TAMS 0x0000000080600000, 0x0000000080500000| Complete 
|   6|0x0000000080600000, 0x0000000080700000, 0x0000000080700000|100%| O|  |TAMS 0x0000000080700000, 0x0000000080600000| Updating 
|   7|0x0000000080700000, 0x0000000080800000, 0x0000000080800000|100%| O|  |TAMS 0x0000000080800000, 0x0000000080700000| Updating 
|   8|0x0000000080800000, 0x0000000080900000, 0x0000000080900000|100%| O|  |TAMS 0x0000000080900000, 0x0000000080800000| Updating 
|   9|0x0000000080900000, 0x0000000080a00000, 0x0000000080a00000|100%| O|  |TAMS 0x0000000080a00000, 0x0000000080900000| Updating 
|  10|0x0000000080a00000, 0x0000000080b00000, 0x0000000080b00000|100%| O|  |TAMS 0x0000000080b00000, 0x0000000080a00000| Updating 
|  11|0x0000000080b00000, 0x0000000080c00000, 0x0000000080c00000|100%| O|  |TAMS 0x0000000080c00000, 0x0000000080b00000| Updating 
|  12|0x0000000080c00000, 0x0000000080d00000, 0x0000000080d00000|100%| O|  |TAMS 0x0000000080d00000, 0x0000000080c00000| Updating 
|  13|0x0000000080d00000, 0x0000000080e00000, 0x0000000080e00000|100%| O|  |TAMS 0x0000000080e00000, 0x0000000080d00000| Updating 
|  14|0x0000000080e00000, 0x0000000080f00000, 0x0000000080f00000|100%| O|  |TAMS 0x0000000080f00000, 0x0000000080e00000| Updating 
|  15|0x0000000080f00000, 0x0000000081000000, 0x0000000081000000|100%| O|  |TAMS 0x0000000081000000, 0x0000000080f00000| Updating 
|  16|0x0000000081000000, 0x0000000081100000, 0x0000000081100000|100%|HS|  |TAMS 0x0000000081100000, 0x0000000081000000| Complete 
|  17|0x0000000081100000, 0x0000000081200000, 0x0000000081200000|100%| O|  |TAMS 0x0000000081200000, 0x0000000081100000| Updating 
|  18|0x0000000081200000, 0x0000000081300000, 0x0000000081300000|100%| O|  |TAMS 0x0000000081300000, 0x0000000081200000| Updating 
|  19|0x0000000081300000, 0x0000000081400000, 0x0000000081400000|100%| O|  |TAMS 0x0000000081400000, 0x0000000081300000| Updating 
|  20|0x0000000081400000, 0x0000000081500000, 0x0000000081500000|100%| O|  |TAMS 0x0000000081500000, 0x0000000081400000| Updating 
|  21|0x0000000081500000, 0x0000000081600000, 0x0000000081600000|100%| O|  |TAMS 0x0000000081600000, 0x0000000081500000| Updating 
|  22|0x0000000081600000, 0x0000000081700000, 0x0000000081700000|100%| O|  |TAMS 0x0000000081700000, 0x0000000081600000| Updating 
|  23|0x0000000081700000, 0x0000000081800000, 0x0000000081800000|100%| O|  |TAMS 0x0000000081800000, 0x0000000081700000| Updating 
|  24|0x0000000081800000, 0x0000000081900000, 0x0000000081900000|100%| O|  |TAMS 0x0000000081900000, 0x0000000081800000| Updating 
|  25|0x0000000081900000, 0x0000000081a00000, 0x0000000081a00000|100%| O|  |TAMS 0x0000000081a00000, 0x0000000081900000| Updating 
|  26|0x0000000081a00000, 0x0000000081b00000, 0x0000000081b00000|100%| O|  |TAMS 0x0000000081b00000, 0x0000000081a00000| Updating 
|  27|0x0000000081b00000, 0x0000000081c00000, 0x0000000081c00000|100%| O|  |TAMS 0x0000000081c00000, 0x0000000081b00000| Updating 
|  28|0x0000000081c00000, 0x0000000081d00000, 0x0000000081d00000|100%|HS|  |TAMS 0x0000000081d00000, 0x0000000081c00000| Complete 
|  29|0x0000000081d00000, 0x0000000081e00000, 0x0000000081e00000|100%| O|  |TAMS 0x0000000081e00000, 0x0000000081d00000| Updating 
|  30|0x0000000081e00000, 0x0000000081f00000, 0x0000000081f00000|100%|HS|  |TAMS 0x0000000081f00000, 0x0000000081e00000| Complete 
|  31|0x0000000081f00000, 0x0000000082000000, 0x0000000082000000|100%|HC|  |TAMS 0x0000000082000000, 0x0000000081f00000| Complete 
|  32|0x0000000082000000, 0x0000000082100000, 0x0000000082100000|100%| O|  |TAMS 0x0000000082100000, 0x0000000082000000| Updating 
|  33|0x0000000082100000, 0x0000000082200000, 0x0000000082200000|100%| O|  |TAMS 0x0000000082200000, 0x0000000082100000| Updating 
|  34|0x0000000082200000, 0x0000000082300000, 0x0000000082300000|100%| O|  |TAMS 0x0000000082300000, 0x0000000082200000| Updating 
|  35|0x0000000082300000, 0x0000000082400000, 0x0000000082400000|100%| O|  |TAMS 0x0000000082400000, 0x0000000082300000| Updating 
|  36|0x0000000082400000, 0x0000000082500000, 0x0000000082500000|100%| O|  |TAMS 0x0000000082500000, 0x0000000082400000| Updating 
|  37|0x0000000082500000, 0x0000000082600000, 0x0000000082600000|100%| O|  |TAMS 0x0000000082600000, 0x0000000082500000| Updating 
|  38|0x0000000082600000, 0x0000000082700000, 0x0000000082700000|100%| O|  |TAMS 0x0000000082700000, 0x0000000082600000| Updating 
|  39|0x0000000082700000, 0x0000000082800000, 0x0000000082800000|100%| O|  |TAMS 0x0000000082800000, 0x0000000082700000| Updating 
|  40|0x0000000082800000, 0x0000000082900000, 0x0000000082900000|100%| O|  |TAMS 0x0000000082900000, 0x0000000082800000| Updating 
|  41|0x0000000082900000, 0x0000000082a00000, 0x0000000082a00000|100%| O|  |TAMS 0x0000000082a00000, 0x0000000082900000| Updating 
|  42|0x0000000082a00000, 0x0000000082b00000, 0x0000000082b00000|100%| O|  |TAMS 0x0000000082b00000, 0x0000000082a00000| Updating 
|  43|0x0000000082b00000, 0x0000000082c00000, 0x0000000082c00000|100%| O|  |TAMS 0x0000000082c00000, 0x0000000082b00000| Updating 
|  44|0x0000000082c00000, 0x0000000082d00000, 0x0000000082d00000|100%| O|  |TAMS 0x0000000082d00000, 0x0000000082c00000| Updating 
|  45|0x0000000082d00000, 0x0000000082e00000, 0x0000000082e00000|100%| O|  |TAMS 0x0000000082e00000, 0x0000000082d00000| Updating 
|  46|0x0000000082e00000, 0x0000000082f00000, 0x0000000082f00000|100%| O|  |TAMS 0x0000000082f00000, 0x0000000082e00000| Updating 
|  47|0x0000000082f00000, 0x0000000083000000, 0x0000000083000000|100%| O|  |TAMS 0x0000000083000000, 0x0000000082f00000| Updating 
|  48|0x0000000083000000, 0x0000000083100000, 0x0000000083100000|100%| O|  |TAMS 0x0000000083100000, 0x0000000083000000| Updating 
|  49|0x0000000083100000, 0x0000000083200000, 0x0000000083200000|100%| O|  |TAMS 0x0000000083200000, 0x0000000083100000| Updating 
|  50|0x0000000083200000, 0x0000000083300000, 0x0000000083300000|100%| O|  |TAMS 0x0000000083300000, 0x0000000083200000| Updating 
|  51|0x0000000083300000, 0x0000000083400000, 0x0000000083400000|100%| O|  |TAMS 0x0000000083400000, 0x0000000083300000| Updating 
|  52|0x0000000083400000, 0x0000000083500000, 0x0000000083500000|100%| O|  |TAMS 0x0000000083500000, 0x0000000083400000| Updating 
|  53|0x0000000083500000, 0x0000000083600000, 0x0000000083600000|100%| O|  |TAMS 0x0000000083600000, 0x0000000083500000| Updating 
|  54|0x0000000083600000, 0x0000000083700000, 0x0000000083700000|100%| O|  |TAMS 0x0000000083700000, 0x0000000083600000| Updating 
|  55|0x0000000083700000, 0x0000000083800000, 0x0000000083800000|100%| O|  |TAMS 0x0000000083800000, 0x0000000083700000| Updating 
|  56|0x0000000083800000, 0x0000000083900000, 0x0000000083900000|100%| O|  |TAMS 0x0000000083900000, 0x0000000083800000| Updating 
|  57|0x0000000083900000, 0x0000000083a00000, 0x0000000083a00000|100%| O|  |TAMS 0x0000000083a00000, 0x0000000083900000| Updating 
|  58|0x0000000083a00000, 0x0000000083b00000, 0x0000000083b00000|100%| O|  |TAMS 0x0000000083b00000, 0x0000000083a00000| Updating 
|  59|0x0000000083b00000, 0x0000000083c00000, 0x0000000083c00000|100%| O|  |TAMS 0x0000000083c00000, 0x0000000083b00000| Updating 
|  60|0x0000000083c00000, 0x0000000083d00000, 0x0000000083d00000|100%| O|  |TAMS 0x0000000083d00000, 0x0000000083c00000| Updating 
|  61|0x0000000083d00000, 0x0000000083e00000, 0x0000000083e00000|100%| O|  |TAMS 0x0000000083e00000, 0x0000000083d00000| Updating 
|  62|0x0000000083e00000, 0x0000000083f00000, 0x0000000083f00000|100%| O|  |TAMS 0x0000000083f00000, 0x0000000083e00000| Updating 
|  63|0x0000000083f00000, 0x0000000084000000, 0x0000000084000000|100%| O|  |TAMS 0x0000000084000000, 0x0000000083f00000| Updating 
|  64|0x0000000084000000, 0x0000000084100000, 0x0000000084100000|100%| O|  |TAMS 0x0000000084100000, 0x0000000084000000| Updating 
|  65|0x0000000084100000, 0x0000000084200000, 0x0000000084200000|100%| O|  |TAMS 0x0000000084200000, 0x0000000084100000| Updating 
|  66|0x0000000084200000, 0x0000000084300000, 0x0000000084300000|100%| O|  |TAMS 0x0000000084300000, 0x0000000084200000| Updating 
|  67|0x0000000084300000, 0x0000000084400000, 0x0000000084400000|100%| O|  |TAMS 0x0000000084400000, 0x0000000084300000| Updating 
|  68|0x0000000084400000, 0x0000000084500000, 0x0000000084500000|100%| O|  |TAMS 0x0000000084500000, 0x0000000084400000| Updating 
|  69|0x0000000084500000, 0x0000000084600000, 0x0000000084600000|100%| O|  |TAMS 0x0000000084600000, 0x0000000084500000| Updating 
|  70|0x0000000084600000, 0x0000000084700000, 0x0000000084700000|100%| O|  |TAMS 0x0000000084700000, 0x0000000084600000| Updating 
|  71|0x0000000084700000, 0x0000000084800000, 0x0000000084800000|100%| O|  |TAMS 0x0000000084800000, 0x0000000084700000| Updating 
|  72|0x0000000084800000, 0x0000000084900000, 0x0000000084900000|100%| O|  |TAMS 0x0000000084900000, 0x0000000084800000| Updating 
|  73|0x0000000084900000, 0x0000000084a00000, 0x0000000084a00000|100%| O|  |TAMS 0x0000000084a00000, 0x0000000084900000| Updating 
|  74|0x0000000084a00000, 0x0000000084b00000, 0x0000000084b00000|100%| O|  |TAMS 0x0000000084b00000, 0x0000000084a00000| Updating 
|  75|0x0000000084b00000, 0x0000000084c00000, 0x0000000084c00000|100%| O|  |TAMS 0x0000000084c00000, 0x0000000084b00000| Updating 
|  76|0x0000000084c00000, 0x0000000084d00000, 0x0000000084d00000|100%| O|  |TAMS 0x0000000084d00000, 0x0000000084c00000| Updating 
|  77|0x0000000084d00000, 0x0000000084e00000, 0x0000000084e00000|100%| O|  |TAMS 0x0000000084e00000, 0x0000000084d00000| Updating 
|  78|0x0000000084e00000, 0x0000000084f00000, 0x0000000084f00000|100%|HS|  |TAMS 0x0000000084f00000, 0x0000000084e00000| Complete 
|  79|0x0000000084f00000, 0x0000000085000000, 0x0000000085000000|100%| O|  |TAMS 0x0000000085000000, 0x0000000084f00000| Updating 
|  80|0x0000000085000000, 0x0000000085100000, 0x0000000085100000|100%| O|  |TAMS 0x0000000085100000, 0x0000000085000000| Updating 
|  81|0x0000000085100000, 0x0000000085200000, 0x0000000085200000|100%| O|  |TAMS 0x0000000085200000, 0x0000000085100000| Updating 
|  82|0x0000000085200000, 0x0000000085300000, 0x0000000085300000|100%| O|  |TAMS 0x0000000085300000, 0x0000000085200000| Updating 
|  83|0x0000000085300000, 0x0000000085400000, 0x0000000085400000|100%| O|  |TAMS 0x0000000085400000, 0x0000000085300000| Updating 
|  84|0x0000000085400000, 0x0000000085500000, 0x0000000085500000|100%| O|  |TAMS 0x0000000085500000, 0x0000000085400000| Updating 
|  85|0x0000000085500000, 0x0000000085600000, 0x0000000085600000|100%| O|  |TAMS 0x0000000085600000, 0x0000000085500000| Updating 
|  86|0x0000000085600000, 0x0000000085700000, 0x0000000085700000|100%| O|  |TAMS 0x0000000085700000, 0x0000000085600000| Updating 
|  87|0x0000000085700000, 0x0000000085800000, 0x0000000085800000|100%| O|  |TAMS 0x0000000085800000, 0x0000000085700000| Updating 
|  88|0x0000000085800000, 0x0000000085900000, 0x0000000085900000|100%| O|  |TAMS 0x0000000085900000, 0x0000000085800000| Updating 
|  89|0x0000000085900000, 0x0000000085a00000, 0x0000000085a00000|100%| O|  |TAMS 0x0000000085a00000, 0x0000000085900000| Updating 
|  90|0x0000000085a00000, 0x0000000085b00000, 0x0000000085b00000|100%| O|  |TAMS 0x0000000085b00000, 0x0000000085a00000| Updating 
|  91|0x0000000085b00000, 0x0000000085c00000, 0x0000000085c00000|100%| O|  |TAMS 0x0000000085c00000, 0x0000000085b00000| Updating 
|  92|0x0000000085c00000, 0x0000000085d00000, 0x0000000085d00000|100%| O|  |TAMS 0x0000000085d00000, 0x0000000085c00000| Updating 
|  93|0x0000000085d00000, 0x0000000085e00000, 0x0000000085e00000|100%| O|  |TAMS 0x0000000085e00000, 0x0000000085d00000| Updating 
|  94|0x0000000085e00000, 0x0000000085f00000, 0x0000000085f00000|100%| O|  |TAMS 0x0000000085f00000, 0x0000000085e00000| Updating 
|  95|0x0000000085f00000, 0x0000000086000000, 0x0000000086000000|100%| O|  |TAMS 0x0000000086000000, 0x0000000085f00000| Updating 
|  96|0x0000000086000000, 0x0000000086100000, 0x0000000086100000|100%| O|  |TAMS 0x0000000086100000, 0x0000000086000000| Updating 
|  97|0x0000000086100000, 0x0000000086200000, 0x0000000086200000|100%| O|  |TAMS 0x0000000086200000, 0x0000000086100000| Updating 
|  98|0x0000000086200000, 0x0000000086300000, 0x0000000086300000|100%| O|  |TAMS 0x0000000086300000, 0x0000000086200000| Updating 
|  99|0x0000000086300000, 0x0000000086400000, 0x0000000086400000|100%| O|  |TAMS 0x0000000086300000, 0x0000000086300000| Untracked 
| 100|0x0000000086400000, 0x0000000086496a00, 0x0000000086500000| 58%| O|  |TAMS 0x0000000086400000, 0x0000000086400000| Untracked 
| 101|0x0000000086500000, 0x0000000086500000, 0x0000000086600000|  0%| F|  |TAMS 0x0000000086500000, 0x0000000086500000| Untracked 
| 102|0x0000000086600000, 0x0000000086700000, 0x0000000086700000|100%| O|  |TAMS 0x0000000086700000, 0x0000000086600000| Updating 
| 103|0x0000000086700000, 0x0000000086800000, 0x0000000086800000|100%| O|  |TAMS 0x0000000086800000, 0x0000000086700000| Updating 
| 104|0x0000000086800000, 0x0000000086900000, 0x0000000086900000|100%| O|  |TAMS 0x0000000086900000, 0x0000000086800000| Updating 
| 105|0x0000000086900000, 0x0000000086a00000, 0x0000000086a00000|100%| O|  |TAMS 0x0000000086a00000, 0x0000000086900000| Updating 
| 106|0x0000000086a00000, 0x0000000086b00000, 0x0000000086b00000|100%| O|  |TAMS 0x0000000086b00000, 0x0000000086a00000| Updating 
| 107|0x0000000086b00000, 0x0000000086c00000, 0x0000000086c00000|100%| O|  |TAMS 0x0000000086c00000, 0x0000000086b00000| Updating 
| 108|0x0000000086c00000, 0x0000000086d00000, 0x0000000086d00000|100%| O|  |TAMS 0x0000000086d00000, 0x0000000086c00000| Updating 
| 109|0x0000000086d00000, 0x0000000086e00000, 0x0000000086e00000|100%| O|  |TAMS 0x0000000086e00000, 0x0000000086d00000| Updating 
| 110|0x0000000086e00000, 0x0000000086f00000, 0x0000000086f00000|100%| O|  |TAMS 0x0000000086f00000, 0x0000000086e00000| Updating 
| 111|0x0000000086f00000, 0x0000000087000000, 0x0000000087000000|100%| O|  |TAMS 0x0000000086f7f600, 0x0000000086f00000| Updating 
| 112|0x0000000087000000, 0x0000000087000000, 0x0000000087100000|  0%| F|  |TAMS 0x0000000087000000, 0x0000000087000000| Untracked 
| 113|0x0000000087100000, 0x0000000087200000, 0x0000000087200000|100%| O|  |TAMS 0x0000000087200000, 0x0000000087100000| Updating 
| 114|0x0000000087200000, 0x0000000087300000, 0x0000000087300000|100%| O|  |TAMS 0x0000000087300000, 0x0000000087200000| Updating 
| 115|0x0000000087300000, 0x0000000087400000, 0x0000000087400000|100%| O|  |TAMS 0x0000000087400000, 0x0000000087300000| Updating 
| 116|0x0000000087400000, 0x0000000087400000, 0x0000000087500000|  0%| F|  |TAMS 0x0000000087400000, 0x0000000087400000| Untracked 
| 117|0x0000000087500000, 0x0000000087500000, 0x0000000087600000|  0%| F|  |TAMS 0x0000000087500000, 0x0000000087500000| Untracked 
| 118|0x0000000087600000, 0x0000000087600000, 0x0000000087700000|  0%| F|  |TAMS 0x0000000087600000, 0x0000000087600000| Untracked 
| 119|0x0000000087700000, 0x0000000087700000, 0x0000000087800000|  0%| F|  |TAMS 0x0000000087700000, 0x0000000087700000| Untracked 
| 120|0x0000000087800000, 0x0000000087800000, 0x0000000087900000|  0%| F|  |TAMS 0x0000000087800000, 0x0000000087800000| Untracked 
| 121|0x0000000087900000, 0x0000000087900000, 0x0000000087a00000|  0%| F|  |TAMS 0x0000000087900000, 0x0000000087900000| Untracked 
| 122|0x0000000087a00000, 0x0000000087a00000, 0x0000000087b00000|  0%| F|  |TAMS 0x0000000087a00000, 0x0000000087a00000| Untracked 
| 123|0x0000000087b00000, 0x0000000087b00000, 0x0000000087c00000|  0%| F|  |TAMS 0x0000000087b00000, 0x0000000087b00000| Untracked 
| 124|0x0000000087c00000, 0x0000000087c00000, 0x0000000087d00000|  0%| F|  |TAMS 0x0000000087c00000, 0x0000000087c00000| Untracked 
| 125|0x0000000087d00000, 0x0000000087d00000, 0x0000000087e00000|  0%| F|  |TAMS 0x0000000087d00000, 0x0000000087d00000| Untracked 
| 126|0x0000000087e00000, 0x0000000087e00000, 0x0000000087f00000|  0%| F|  |TAMS 0x0000000087e00000, 0x0000000087e00000| Untracked 
| 127|0x0000000087f00000, 0x0000000087f00000, 0x0000000088000000|  0%| F|  |TAMS 0x0000000087f00000, 0x0000000087f00000| Untracked 
| 128|0x0000000088000000, 0x0000000088000000, 0x0000000088100000|  0%| F|  |TAMS 0x0000000088000000, 0x0000000088000000| Untracked 
| 129|0x0000000088100000, 0x0000000088100000, 0x0000000088200000|  0%| F|  |TAMS 0x0000000088100000, 0x0000000088100000| Untracked 
| 130|0x0000000088200000, 0x0000000088300000, 0x0000000088300000|100%| O|  |TAMS 0x0000000088300000, 0x0000000088200000| Updating 
| 131|0x0000000088300000, 0x0000000088300000, 0x0000000088400000|  0%| F|  |TAMS 0x0000000088300000, 0x0000000088300000| Untracked 
| 132|0x0000000088400000, 0x0000000088400000, 0x0000000088500000|  0%| F|  |TAMS 0x0000000088400000, 0x0000000088400000| Untracked 
| 133|0x0000000088500000, 0x0000000088500000, 0x0000000088600000|  0%| F|  |TAMS 0x0000000088500000, 0x0000000088500000| Untracked 
| 134|0x0000000088600000, 0x0000000088600000, 0x0000000088700000|  0%| F|  |TAMS 0x0000000088600000, 0x0000000088600000| Untracked 
| 135|0x0000000088700000, 0x0000000088700000, 0x0000000088800000|  0%| F|  |TAMS 0x0000000088700000, 0x0000000088700000| Untracked 
| 136|0x0000000088800000, 0x0000000088800000, 0x0000000088900000|  0%| F|  |TAMS 0x0000000088800000, 0x0000000088800000| Untracked 
| 137|0x0000000088900000, 0x0000000088a00000, 0x0000000088a00000|100%| S|CS|TAMS 0x0000000088900000, 0x0000000088900000| Complete 
| 138|0x0000000088a00000, 0x0000000088a00000, 0x0000000088b00000|  0%| F|  |TAMS 0x0000000088a00000, 0x0000000088a00000| Untracked 
| 139|0x0000000088b00000, 0x0000000088b00000, 0x0000000088c00000|  0%| F|  |TAMS 0x0000000088b00000, 0x0000000088b00000| Untracked 
| 140|0x0000000088c00000, 0x0000000088d00000, 0x0000000088d00000|100%| S|CS|TAMS 0x0000000088c00000, 0x0000000088c00000| Complete 
| 141|0x0000000088d00000, 0x0000000088d00000, 0x0000000088e00000|  0%| F|  |TAMS 0x0000000088d00000, 0x0000000088d00000| Untracked 
| 142|0x0000000088e00000, 0x0000000088e00000, 0x0000000088f00000|  0%| F|  |TAMS 0x0000000088e00000, 0x0000000088e00000| Untracked 
| 143|0x0000000088f00000, 0x0000000088f00000, 0x0000000089000000|  0%| F|  |TAMS 0x0000000088f00000, 0x0000000088f00000| Untracked 
| 144|0x0000000089000000, 0x0000000089000000, 0x0000000089100000|  0%| F|  |TAMS 0x0000000089000000, 0x0000000089000000| Untracked 
| 145|0x0000000089100000, 0x0000000089100000, 0x0000000089200000|  0%| F|  |TAMS 0x0000000089100000, 0x0000000089100000| Untracked 
| 146|0x0000000089200000, 0x0000000089200000, 0x0000000089300000|  0%| F|  |TAMS 0x0000000089200000, 0x0000000089200000| Untracked 
| 147|0x0000000089300000, 0x0000000089300000, 0x0000000089400000|  0%| F|  |TAMS 0x0000000089300000, 0x0000000089300000| Untracked 
| 148|0x0000000089400000, 0x0000000089400000, 0x0000000089500000|  0%| F|  |TAMS 0x0000000089400000, 0x0000000089400000| Untracked 
| 149|0x0000000089500000, 0x0000000089500000, 0x0000000089600000|  0%| F|  |TAMS 0x0000000089500000, 0x0000000089500000| Untracked 
| 150|0x0000000089600000, 0x0000000089600000, 0x0000000089700000|  0%| F|  |TAMS 0x0000000089600000, 0x0000000089600000| Untracked 
| 151|0x0000000089700000, 0x0000000089700000, 0x0000000089800000|  0%| F|  |TAMS 0x0000000089700000, 0x0000000089700000| Untracked 

Card table byte_map: [0x0000023997ca0000,0x00000239980a0000] _byte_map_base: 0x00000239978a0000

Marking Bits (Prev, Next): (CMBitMap*) 0x0000023984a9d418, (CMBitMap*) 0x0000023984a9d450
 Prev Bits: [0x00000239984a0000, 0x000002399a4a0000)
 Next Bits: [0x000002399a4a0000, 0x000002399c4a0000)

Polling page: 0x0000023982a40000

Metaspace:

Usage:
  Non-class:     81.14 MB capacity,    79.70 MB ( 98%) used,     1.18 MB (  1%) free+waste,   262.13 KB ( <1%) overhead. 
      Class:     12.40 MB capacity,    11.55 MB ( 93%) used,   757.98 KB (  6%) free+waste,   118.81 KB ( <1%) overhead. 
       Both:     93.54 MB capacity,    91.25 MB ( 98%) used,     1.92 MB (  2%) free+waste,   380.94 KB ( <1%) overhead. 

Virtual space:
  Non-class space:       82.00 MB reserved,      81.45 MB (>99%) committed 
      Class space:        1.00 GB reserved,      12.50 MB (  1%) committed 
             Both:        1.08 GB reserved,      93.95 MB (  8%) committed 

Chunk freelists:
   Non-Class:  131.00 KB
       Class:  99.00 KB
        Both:  230.00 KB

MaxMetaspaceSize: 17179869184.00 GB
CompressedClassSpaceSize: 1.00 GB
Initial GC threshold: 20.80 MB
Current GC threshold: 156.17 MB
CDS: off

CodeHeap 'non-profiled nmethods': size=120000Kb used=7979Kb max_used=7979Kb free=112020Kb
 bounds [0x0000023990040000, 0x0000023990810000, 0x0000023997570000]
CodeHeap 'profiled nmethods': size=120000Kb used=26048Kb max_used=26048Kb free=93951Kb
 bounds [0x0000023988b10000, 0x000002398a490000, 0x0000023990040000]
CodeHeap 'non-nmethods': size=5760Kb used=2463Kb max_used=2525Kb free=3296Kb
 bounds [0x0000023988570000, 0x00000239887f0000, 0x0000023988b10000]
 total_blobs=12658 nmethods=11646 adapters=924
 compilation: enabled
              stopped_count=0, restarted_count=0
 full_count=0

Compilation events (20 events):
Event: 38.200 Thread 0x000002399f777800 11830       3       java.io.ObjectInputStream$BlockDataInputStream::readFully (42 bytes)
Event: 38.201 Thread 0x000002399f777800 nmethod 11830 0x000002398a479c10 code [0x000002398a479de0, 0x000002398a47a0f8]
Event: 38.203 Thread 0x000002399f777800 11831       2       java.util.HashMap::readObject (280 bytes)
Event: 38.204 Thread 0x000002399f777800 nmethod 11831 0x000002398a47a290 code [0x000002398a47a640, 0x000002398a47b468]
Event: 38.206 Thread 0x000002399f777800 11832       3       org.apache.commons.io.FilenameUtils::doNormalize (534 bytes)
Event: 38.206 Thread 0x000002399f771800 nmethod 11738 0x00000239907fb690 code [0x00000239907fb900, 0x00000239907fdb28]
Event: 38.207 Thread 0x000002399f771800 11828   !   4       java.io.ObjectInputStream::readSerialData (563 bytes)
Event: 38.208 Thread 0x000002399f777800 nmethod 11832 0x000002398a47bc90 code [0x000002398a47c000, 0x000002398a47d808]
Event: 38.208 Thread 0x000002399f777800 11836 %     2       org.gradle.internal.snapshot.VfsRelativePath::hasPrefix @ 48 (114 bytes)
Event: 38.210 Thread 0x000002399f777800 nmethod 11836% 0x000002398a47e090 code [0x000002398a47e2e0, 0x000002398a47ec08]
Event: 38.210 Thread 0x000002399f777800 11833       2       java.lang.CharacterData::of (120 bytes)
Event: 38.210 Thread 0x000002399f777800 nmethod 11833 0x000002398a47f290 code [0x000002398a47f4a0, 0x000002398a47fa58]
Event: 38.212 Thread 0x00000239a70af000 nmethod 11682 0x00000239907fee90 code [0x00000239907ff4a0, 0x0000023990806f08]
Event: 38.212 Thread 0x000002399f777800 11837       2       com.sun.org.apache.xerces.internal.util.NamespaceSupport::pushContext (65 bytes)
Event: 38.212 Thread 0x00000239a70af000 11834       4       java.lang.Character::toLowerCase (6 bytes)
Event: 38.213 Thread 0x000002399f777800 nmethod 11837 0x000002398a47fc10 code [0x000002398a47fde0, 0x000002398a4800a8]
Event: 38.214 Thread 0x00000239a70af000 nmethod 11834 0x000002399080a290 code [0x000002399080a420, 0x000002399080a4f8]
Event: 38.214 Thread 0x00000239a70af000 11835       4       org.gradle.internal.snapshot.PathUtil::equalChars (60 bytes)
Event: 38.217 Thread 0x00000239a70af000 nmethod 11835 0x000002399080a610 code [0x000002399080a7c0, 0x000002399080ab18]
Event: 38.217 Thread 0x00000239a70af000 11827       4       java.io.ObjectStreamClass$FieldReflector::setObjFieldValues (259 bytes)

GC Heap History (20 events):
Event: 34.743 GC heap after
{Heap after GC invocations=22 (full 0):
 garbage-first heap   total 155648K, used 99705K [0x0000000080000000, 0x0000000100000000)
  region size 1024K, 6 young (6144K), 6 survivors (6144K)
 Metaspace       used 86631K, capacity 88986K, committed 89168K, reserved 1126400K
  class space    used 11195K, capacity 12062K, committed 12160K, reserved 1048576K
}
Event: 35.250 GC heap before
{Heap before GC invocations=22 (full 0):
 garbage-first heap   total 155648K, used 107897K [0x0000000080000000, 0x0000000100000000)
  region size 1024K, 16 young (16384K), 6 survivors (6144K)
 Metaspace       used 87321K, capacity 89747K, committed 89936K, reserved 1126400K
  class space    used 11257K, capacity 12137K, committed 12160K, reserved 1048576K
}
Event: 35.263 GC heap after
{Heap after GC invocations=23 (full 0):
 garbage-first heap   total 155648K, used 101848K [0x0000000080000000, 0x0000000100000000)
  region size 1024K, 2 young (2048K), 2 survivors (2048K)
 Metaspace       used 87321K, capacity 89747K, committed 89936K, reserved 1126400K
  class space    used 11257K, capacity 12137K, committed 12160K, reserved 1048576K
}
Event: 35.588 GC heap before
{Heap before GC invocations=24 (full 0):
 garbage-first heap   total 155648K, used 114136K [0x0000000080000000, 0x0000000100000000)
  region size 1024K, 10 young (10240K), 2 survivors (2048K)
 Metaspace       used 88220K, capacity 90512K, committed 91088K, reserved 1128448K
  class space    used 11288K, capacity 12110K, committed 12288K, reserved 1048576K
}
Event: 35.599 GC heap after
{Heap after GC invocations=25 (full 0):
 garbage-first heap   total 155648K, used 110592K [0x0000000080000000, 0x0000000100000000)
  region size 1024K, 3 young (3072K), 3 survivors (3072K)
 Metaspace       used 88220K, capacity 90512K, committed 91088K, reserved 1128448K
  class space    used 11288K, capacity 12110K, committed 12288K, reserved 1048576K
}
Event: 36.056 GC heap before
{Heap before GC invocations=26 (full 0):
 garbage-first heap   total 155648K, used 134144K [0x0000000080000000, 0x0000000100000000)
  region size 1024K, 20 young (20480K), 3 survivors (3072K)
 Metaspace       used 89698K, capacity 92005K, committed 92496K, reserved 1130496K
  class space    used 11438K, capacity 12265K, committed 12416K, reserved 1048576K
}
Event: 36.064 GC heap after
{Heap after GC invocations=27 (full 0):
 garbage-first heap   total 155648K, used 113614K [0x0000000080000000, 0x0000000100000000)
  region size 1024K, 3 young (3072K), 3 survivors (3072K)
 Metaspace       used 89698K, capacity 92005K, committed 92496K, reserved 1130496K
  class space    used 11438K, capacity 12265K, committed 12416K, reserved 1048576K
}
Event: 36.214 GC heap before
{Heap before GC invocations=27 (full 0):
 garbage-first heap   total 155648K, used 127950K [0x0000000080000000, 0x0000000100000000)
  region size 1024K, 18 young (18432K), 3 survivors (3072K)
 Metaspace       used 89730K, capacity 92069K, committed 92496K, reserved 1130496K
  class space    used 11438K, capacity 12265K, committed 12416K, reserved 1048576K
}
Event: 36.224 GC heap after
{Heap after GC invocations=28 (full 0):
 garbage-first heap   total 155648K, used 114989K [0x0000000080000000, 0x0000000100000000)
  region size 1024K, 2 young (2048K), 2 survivors (2048K)
 Metaspace       used 89730K, capacity 92069K, committed 92496K, reserved 1130496K
  class space    used 11438K, capacity 12265K, committed 12416K, reserved 1048576K
}
Event: 36.879 GC heap before
{Heap before GC invocations=29 (full 0):
 garbage-first heap   total 155648K, used 128301K [0x0000000080000000, 0x0000000100000000)
  region size 1024K, 16 young (16384K), 2 survivors (2048K)
 Metaspace       used 91589K, capacity 93929K, committed 94288K, reserved 1130496K
  class space    used 11674K, capacity 12522K, committed 12672K, reserved 1048576K
}
Event: 36.884 GC heap after
{Heap after GC invocations=30 (full 0):
 garbage-first heap   total 155648K, used 116628K [0x0000000080000000, 0x0000000100000000)
  region size 1024K, 2 young (2048K), 2 survivors (2048K)
 Metaspace       used 91589K, capacity 93929K, committed 94288K, reserved 1130496K
  class space    used 11674K, capacity 12522K, committed 12672K, reserved 1048576K
}
Event: 37.206 GC heap before
{Heap before GC invocations=30 (full 0):
 garbage-first heap   total 155648K, used 130964K [0x0000000080000000, 0x0000000100000000)
  region size 1024K, 16 young (16384K), 2 survivors (2048K)
 Metaspace       used 92373K, capacity 94704K, committed 95184K, reserved 1132544K
  class space    used 11728K, capacity 12588K, committed 12800K, reserved 1048576K
}
Event: 37.213 GC heap after
{Heap after GC invocations=31 (full 0):
 garbage-first heap   total 155648K, used 117056K [0x0000000080000000, 0x0000000100000000)
  region size 1024K, 1 young (1024K), 1 survivors (1024K)
 Metaspace       used 92373K, capacity 94704K, committed 95184K, reserved 1132544K
  class space    used 11728K, capacity 12588K, committed 12800K, reserved 1048576K
}
Event: 37.569 GC heap before
{Heap before GC invocations=32 (full 0):
 garbage-first heap   total 155648K, used 121152K [0x0000000080000000, 0x0000000100000000)
  region size 1024K, 13 young (13312K), 1 survivors (1024K)
 Metaspace       used 92471K, capacity 94832K, committed 95440K, reserved 1132544K
  class space    used 11736K, capacity 12588K, committed 12800K, reserved 1048576K
}
Event: 37.579 GC heap after
{Heap after GC invocations=33 (full 0):
 garbage-first heap   total 155648K, used 116257K [0x0000000080000000, 0x0000000100000000)
  region size 1024K, 2 young (2048K), 2 survivors (2048K)
 Metaspace       used 92471K, capacity 94832K, committed 95440K, reserved 1132544K
  class space    used 11736K, capacity 12588K, committed 12800K, reserved 1048576K
}
Event: 37.870 GC heap before
{Heap before GC invocations=34 (full 0):
 garbage-first heap   total 155648K, used 145953K [0x0000000080000000, 0x0000000100000000)
  region size 1024K, 15 young (15360K), 2 survivors (2048K)
 Metaspace       used 92788K, capacity 95096K, committed 95440K, reserved 1132544K
  class space    used 11759K, capacity 12601K, committed 12800K, reserved 1048576K
}
Event: 37.877 GC heap after
{Heap after GC invocations=35 (full 0):
 garbage-first heap   total 155648K, used 117856K [0x0000000080000000, 0x0000000100000000)
  region size 1024K, 2 young (2048K), 2 survivors (2048K)
 Metaspace       used 92788K, capacity 95096K, committed 95440K, reserved 1132544K
  class space    used 11759K, capacity 12601K, committed 12800K, reserved 1048576K
}
Event: 37.926 GC heap before
{Heap before GC invocations=35 (full 0):
 garbage-first heap   total 155648K, used 130144K [0x0000000080000000, 0x0000000100000000)
  region size 1024K, 14 young (14336K), 2 survivors (2048K)
 Metaspace       used 92829K, capacity 95163K, committed 95696K, reserved 1132544K
  class space    used 11761K, capacity 12602K, committed 12800K, reserved 1048576K
}
Event: 37.931 GC heap after
{Heap after GC invocations=36 (full 0):
 garbage-first heap   total 155648K, used 120317K [0x0000000080000000, 0x0000000100000000)
  region size 1024K, 2 young (2048K), 2 survivors (2048K)
 Metaspace       used 92829K, capacity 95163K, committed 95696K, reserved 1132544K
  class space    used 11761K, capacity 12602K, committed 12800K, reserved 1048576K
}
Event: 38.233 GC heap before
{Heap before GC invocations=36 (full 0):
 garbage-first heap   total 155648K, used 128509K [0x0000000080000000, 0x0000000100000000)
  region size 1024K, 13 young (13312K), 2 survivors (2048K)
 Metaspace       used 93435K, capacity 95786K, committed 96208K, reserved 1132544K
  class space    used 11824K, capacity 12701K, committed 12800K, reserved 1048576K
}

Deoptimization events (20 events):
Event: 37.556 Thread 0x00000239a3165800 DEOPT PACKING pc=0x0000023990744f7c sp=0x000000615ddfa8a0
Event: 37.556 Thread 0x00000239a3165800 DEOPT UNPACKING pc=0x00000239885ba1af sp=0x000000615ddfa848 mode 2
Event: 37.752 Thread 0x00000239a3165800 Uncommon trap: trap_request=0xffffff7e fr.pc=0x0000023990729ce8 relative=0x00000000000007a8
Event: 37.753 Thread 0x00000239a3165800 Uncommon trap: reason=predicate action=maybe_recompile pc=0x0000023990729ce8 method=java.util.ComparableTimSort.binarySort([Ljava/lang/Object;III)V @ 34 c2
Event: 37.753 Thread 0x00000239a3165800 DEOPT PACKING pc=0x0000023990729ce8 sp=0x000000615ddf8220
Event: 37.753 Thread 0x00000239a3165800 DEOPT UNPACKING pc=0x00000239885ba1af sp=0x000000615ddf81c8 mode 2
Event: 37.909 Thread 0x00000239a3165800 DEOPT PACKING pc=0x000002398a428d0c sp=0x000000615ddf93d0
Event: 37.909 Thread 0x00000239a3165800 DEOPT UNPACKING pc=0x00000239885ba95e sp=0x000000615ddf8878 mode 0
Event: 38.157 Thread 0x00000239a3167000 Uncommon trap: trap_request=0xffffff4d fr.pc=0x0000023990570c68 relative=0x0000000000000d48
Event: 38.157 Thread 0x00000239a3167000 Uncommon trap: reason=unstable_if action=reinterpret pc=0x0000023990570c68 method=com.google.common.collect.MapMakerInternalMap$Segment.drainKeyReferenceQueue(Ljava/lang/ref/ReferenceQueue;)V @ 8 c2
Event: 38.157 Thread 0x00000239a3167000 DEOPT PACKING pc=0x0000023990570c68 sp=0x000000615dffde10
Event: 38.157 Thread 0x00000239a3167000 DEOPT UNPACKING pc=0x00000239885ba1af sp=0x000000615dffdd10 mode 2
Event: 38.161 Thread 0x00000239a3167800 Uncommon trap: trap_request=0xffffff4d fr.pc=0x000002399070e64c relative=0x00000000000001ec
Event: 38.161 Thread 0x00000239a3167800 Uncommon trap: reason=unstable_if action=reinterpret pc=0x000002399070e64c method=com.sun.org.apache.xerces.internal.impl.io.UTF8Reader.read([CII)I @ 131 c2
Event: 38.161 Thread 0x00000239a3167800 DEOPT PACKING pc=0x000002399070e64c sp=0x000000615e3fd4f0
Event: 38.161 Thread 0x00000239a3167800 DEOPT UNPACKING pc=0x00000239885ba1af sp=0x000000615e3fd448 mode 2
Event: 38.180 Thread 0x00000239a3167800 Uncommon trap: trap_request=0xffffff4d fr.pc=0x000002399004d1e4 relative=0x0000000000000044
Event: 38.180 Thread 0x00000239a3167800 Uncommon trap: reason=unstable_if action=reinterpret pc=0x000002399004d1e4 method=java.lang.CharacterData.of(I)Ljava/lang/CharacterData; @ 4 c2
Event: 38.181 Thread 0x00000239a3167800 DEOPT PACKING pc=0x000002399004d1e4 sp=0x000000615e3fd3b0
Event: 38.181 Thread 0x00000239a3167800 DEOPT UNPACKING pc=0x00000239885ba1af sp=0x000000615e3fd348 mode 2

Classes redefined (0 events):
No events

Internal exceptions (20 events):
Event: 34.704 Thread 0x00000239a3165800 Exception <a 'java/lang/NoSuchMethodError'{0x00000000874b6ee0}: <clinit>> (0x00000000874b6ee0) thrown at [./src/hotspot/share/prims/jni.cpp, line 1366]
Event: 34.711 Thread 0x00000239a3165800 Exception <a 'java/lang/NoSuchMethodError'{0x00000000873270d0}: <clinit>> (0x00000000873270d0) thrown at [./src/hotspot/share/prims/jni.cpp, line 1366]
Event: 34.713 Thread 0x00000239a3165800 Exception <a 'java/lang/NoSuchMethodError'{0x0000000087329c98}: <clinit>> (0x0000000087329c98) thrown at [./src/hotspot/share/prims/jni.cpp, line 1366]
Event: 34.713 Thread 0x00000239a3165800 Exception <a 'java/lang/NoSuchMethodError'{0x000000008732e678}: <clinit>> (0x000000008732e678) thrown at [./src/hotspot/share/prims/jni.cpp, line 1366]
Event: 34.713 Thread 0x00000239a3165800 Exception <a 'java/lang/NoSuchMethodError'{0x0000000087339e18}: <clinit>> (0x0000000087339e18) thrown at [./src/hotspot/share/prims/jni.cpp, line 1366]
Event: 34.718 Thread 0x00000239a3165800 Exception <a 'java/lang/NoSuchMethodError'{0x00000000873a5918}: <clinit>> (0x00000000873a5918) thrown at [./src/hotspot/share/prims/jni.cpp, line 1366]
Event: 34.719 Thread 0x00000239a3165800 Exception <a 'java/lang/NoSuchMethodError'{0x00000000873da9a0}: <clinit>> (0x00000000873da9a0) thrown at [./src/hotspot/share/prims/jni.cpp, line 1366]
Event: 34.745 Thread 0x00000239a3165800 Exception <a 'java/lang/NoSuchMethodError'{0x000000008970d718}: <clinit>> (0x000000008970d718) thrown at [./src/hotspot/share/prims/jni.cpp, line 1366]
Event: 34.746 Thread 0x00000239a3165800 Exception <a 'java/lang/NoSuchMethodError'{0x0000000089710b80}: <clinit>> (0x0000000089710b80) thrown at [./src/hotspot/share/prims/jni.cpp, line 1366]
Event: 34.746 Thread 0x00000239a3165800 Exception <a 'java/lang/NoSuchMethodError'{0x00000000897137f0}: <clinit>> (0x00000000897137f0) thrown at [./src/hotspot/share/prims/jni.cpp, line 1366]
Event: 34.747 Thread 0x00000239a3165800 Exception <a 'java/lang/NoSuchMethodError'{0x000000008972b7e8}: <clinit>> (0x000000008972b7e8) thrown at [./src/hotspot/share/prims/jni.cpp, line 1366]
Event: 34.748 Thread 0x00000239a3165800 Exception <a 'java/lang/NoSuchMethodError'{0x0000000089742af0}: <clinit>> (0x0000000089742af0) thrown at [./src/hotspot/share/prims/jni.cpp, line 1366]
Event: 34.750 Thread 0x00000239a3165800 Exception <a 'java/lang/NoSuchMethodError'{0x00000000897647d8}: <clinit>> (0x00000000897647d8) thrown at [./src/hotspot/share/prims/jni.cpp, line 1366]
Event: 34.751 Thread 0x00000239a3165800 Exception <a 'java/lang/NoSuchMethodError'{0x0000000089777240}: <clinit>> (0x0000000089777240) thrown at [./src/hotspot/share/prims/jni.cpp, line 1366]
Event: 34.782 Thread 0x00000239a3165800 Exception <a 'java/lang/NoSuchMethodError'{0x000000008959e8c0}: <clinit>> (0x000000008959e8c0) thrown at [./src/hotspot/share/prims/jni.cpp, line 1366]
Event: 35.270 Thread 0x00000239a3167800 Exception <a 'java/lang/ClassNotFoundException'{0x000000008974d608}: sun/awt/resources/spi/awtProvider> (0x000000008974d608) thrown at [./src/hotspot/share/classfile/systemDictionary.cpp, line 231]
Event: 35.283 Thread 0x00000239a3167800 Exception <a 'java/io/FileNotFoundException'{0x00000000897fb060}> (0x00000000897fb060) thrown at [./src/hotspot/share/prims/jni.cpp, line 616]
Event: 35.284 Thread 0x00000239a3167800 Exception <a 'java/io/FileNotFoundException'{0x00000000897ff0f0}> (0x00000000897ff0f0) thrown at [./src/hotspot/share/prims/jni.cpp, line 616]
Event: 37.754 Thread 0x00000239a3165800 Exception <a 'java/lang/NoSuchMethodError'{0x00000000895ae4e0}: <clinit>> (0x00000000895ae4e0) thrown at [./src/hotspot/share/prims/jni.cpp, line 1366]
Event: 37.794 Thread 0x00000239a3165800 Exception <a 'java/lang/NoSuchMethodError'{0x00000000893bd7b8}: <clinit>> (0x00000000893bd7b8) thrown at [./src/hotspot/share/prims/jni.cpp, line 1366]

Events (20 events):
Event: 38.163 loading class javax/xml/stream/events/Namespace
Event: 38.170 loading class javax/xml/stream/events/Namespace done
Event: 38.170 loading class com/sun/xml/internal/stream/events/NamespaceImpl done
Event: 38.174 loading class com/android/aaptcompiler/TableExtractor$extractResource$parseBagMethod$10
Event: 38.174 loading class com/android/aaptcompiler/TableExtractor$extractResource$parseBagMethod$10 done
Event: 38.175 loading class com/android/aaptcompiler/Plural
Event: 38.175 loading class com/android/aaptcompiler/Plural done
Event: 38.176 loading class com/android/aaptcompiler/Plural$Type
Event: 38.176 loading class com/android/aaptcompiler/Plural$Type done
Event: 38.178 loading class com/android/aaptcompiler/Plural$Type$Companion
Event: 38.178 loading class com/android/aaptcompiler/Plural$Type$Companion done
Event: 38.178 loading class com/android/aaptcompiler/BasicString
Event: 38.178 loading class com/android/aaptcompiler/BasicString done
Event: 38.179 loading class java/lang/StringUTF16$CodePointsSpliterator
Event: 38.180 loading class java/lang/StringUTF16$CodePointsSpliterator done
Event: 38.181 loading class java/lang/CharacterData00
Event: 38.183 loading class java/lang/CharacterData00 done
Event: 38.183 Executing VM operation: Deoptimize
Event: 38.186 Executing VM operation: Deoptimize done
Event: 38.219 Executing VM operation: G1CollectForAllocation


Dynamic libraries:
0x00007ff7c77a0000 - 0x00007ff7c77aa000 	D:\Mobile\jre\bin\java.exe
0x00007fff1b4f0000 - 0x00007fff1b704000 	C:\WINDOWS\SYSTEM32\ntdll.dll
0x00007fff1aae0000 - 0x00007fff1aba3000 	C:\WINDOWS\System32\KERNEL32.DLL
0x00007fff18980000 - 0x00007fff18d1d000 	C:\WINDOWS\System32\KERNELBASE.dll
0x00007fff19050000 - 0x00007fff19161000 	C:\WINDOWS\System32\ucrtbase.dll
0x00007ffec1360000 - 0x00007ffec1377000 	D:\Mobile\jre\bin\VCRUNTIME140.dll
0x00007ffeb7290000 - 0x00007ffeb72a9000 	D:\Mobile\jre\bin\jli.dll
0x00007fff1a440000 - 0x00007fff1a5ed000 	C:\WINDOWS\System32\USER32.dll
0x00007ffefe5f0000 - 0x00007ffefe87e000 	C:\WINDOWS\WinSxS\amd64_microsoft.windows.common-controls_6595b64144ccf1df_6.0.22621.608_none_a9444ca7c10bb01d\COMCTL32.dll
0x00007fff18d20000 - 0x00007fff18d46000 	C:\WINDOWS\System32\win32u.dll
0x00007fff1aca0000 - 0x00007fff1ad47000 	C:\WINDOWS\System32\msvcrt.dll
0x00007fff1b010000 - 0x00007fff1b039000 	C:\WINDOWS\System32\GDI32.dll
0x00007fff18d50000 - 0x00007fff18e62000 	C:\WINDOWS\System32\gdi32full.dll
0x00007fff18e70000 - 0x00007fff18f0a000 	C:\WINDOWS\System32\msvcp_win.dll
0x00007fff1a400000 - 0x00007fff1a432000 	C:\WINDOWS\System32\IMM32.DLL
0x00007ffe1ea70000 - 0x00007ffe1eb0d000 	D:\Mobile\jre\bin\msvcp140.dll
0x00007ffe27c20000 - 0x00007ffe28722000 	D:\Mobile\jre\bin\server\jvm.dll
0x00007fff192e0000 - 0x00007fff1938e000 	C:\WINDOWS\System32\ADVAPI32.dll
0x00007fff1a230000 - 0x00007fff1a2d4000 	C:\WINDOWS\System32\sechost.dll
0x00007fff1b390000 - 0x00007fff1b4a5000 	C:\WINDOWS\System32\RPCRT4.dll
0x00007fff19390000 - 0x00007fff19398000 	C:\WINDOWS\System32\PSAPI.DLL
0x00007ffef5ef0000 - 0x00007ffef5ef9000 	C:\WINDOWS\SYSTEM32\WSOCK32.dll
0x00007fff0be80000 - 0x00007fff0be8a000 	C:\WINDOWS\SYSTEM32\VERSION.dll
0x00007fff11250000 - 0x00007fff11284000 	C:\WINDOWS\SYSTEM32\WINMM.dll
0x00007fff1a380000 - 0x00007fff1a3f1000 	C:\WINDOWS\System32\WS2_32.dll
0x00007fff17a60000 - 0x00007fff17a78000 	C:\WINDOWS\SYSTEM32\kernel.appcore.dll
0x00007ffefb510000 - 0x00007ffefb521000 	D:\Mobile\jre\bin\verify.dll
0x00007fff15e10000 - 0x00007fff1603e000 	C:\WINDOWS\SYSTEM32\DBGHELP.DLL
0x00007fff1a6c0000 - 0x00007fff1aa4a000 	C:\WINDOWS\System32\combase.dll
0x00007fff1b240000 - 0x00007fff1b317000 	C:\WINDOWS\System32\OLEAUT32.dll
0x00007fff0b2f0000 - 0x00007fff0b322000 	C:\WINDOWS\SYSTEM32\dbgcore.DLL
0x00007fff18fd0000 - 0x00007fff1904b000 	C:\WINDOWS\System32\bcryptPrimitives.dll
0x00007ffefb240000 - 0x00007ffefb269000 	D:\Mobile\jre\bin\java.dll
0x00007ffefed80000 - 0x00007ffefed8b000 	D:\Mobile\jre\bin\jimage.dll
0x00007ffefb220000 - 0x00007ffefb238000 	D:\Mobile\jre\bin\zip.dll
0x00007fff193a0000 - 0x00007fff19b8f000 	C:\WINDOWS\System32\SHELL32.dll
0x00007fff16950000 - 0x00007fff17218000 	C:\WINDOWS\SYSTEM32\windows.storage.dll
0x00007fff16810000 - 0x00007fff1694e000 	C:\WINDOWS\SYSTEM32\wintypes.dll
0x00007fff1af10000 - 0x00007fff1b001000 	C:\WINDOWS\System32\SHCORE.dll
0x00007fff1a310000 - 0x00007fff1a36e000 	C:\WINDOWS\System32\shlwapi.dll
0x00007fff18840000 - 0x00007fff18861000 	C:\WINDOWS\SYSTEM32\profapi.dll
0x00007ffefb190000 - 0x00007ffefb1aa000 	D:\Mobile\jre\bin\net.dll
0x00007fff12900000 - 0x00007fff12a2f000 	C:\WINDOWS\SYSTEM32\WINHTTP.dll
0x00007fff17ec0000 - 0x00007fff17f29000 	C:\WINDOWS\system32\mswsock.dll
0x00007ffefb170000 - 0x00007ffefb184000 	D:\Mobile\jre\bin\nio.dll
0x00007ffefb2c0000 - 0x00007ffefb2e7000 	C:\Users\quang\.gradle\native\e1d6ef7f7dcc3fd88c89a11ec53ec762bb8ba0a96d01ffa2cd45eb1d1d8dd5c5\windows-amd64\native-platform.dll
0x00007ffe20010000 - 0x00007ffe20154000 	C:\Users\quang\.gradle\native\0d407fdbe67a94daf76414ababcb853783967236a71b16ec16e742cd7a986fd3\windows-amd64\native-platform-file-events.dll
0x00007ffefb500000 - 0x00007ffefb50a000 	D:\Mobile\jre\bin\management.dll
0x00007ffefb3c0000 - 0x00007ffefb3cd000 	D:\Mobile\jre\bin\management_ext.dll
0x00007fff18110000 - 0x00007fff1812b000 	C:\WINDOWS\SYSTEM32\CRYPTSP.dll
0x00007fff179d0000 - 0x00007fff17a05000 	C:\WINDOWS\system32\rsaenh.dll
0x00007fff17fb0000 - 0x00007fff17fd8000 	C:\WINDOWS\SYSTEM32\USERENV.dll
0x00007fff182b0000 - 0x00007fff182d8000 	C:\WINDOWS\SYSTEM32\bcrypt.dll
0x00007fff18130000 - 0x00007fff1813c000 	C:\WINDOWS\SYSTEM32\CRYPTBASE.dll
0x00007fff174e0000 - 0x00007fff1750d000 	C:\WINDOWS\SYSTEM32\IPHLPAPI.DLL
0x00007fff1a370000 - 0x00007fff1a379000 	C:\WINDOWS\System32\NSI.dll
0x00007fff0d390000 - 0x00007fff0d3a9000 	C:\WINDOWS\SYSTEM32\dhcpcsvc6.DLL
0x00007fff0d370000 - 0x00007fff0d38f000 	C:\WINDOWS\SYSTEM32\dhcpcsvc.DLL
0x00007fff17510000 - 0x00007fff17602000 	C:\WINDOWS\SYSTEM32\DNSAPI.dll
0x00007ffe27a70000 - 0x00007ffe27c16000 	D:\Mobile\jre\bin\awt.dll
0x00007fff15c60000 - 0x00007fff15c8b000 	C:\WINDOWS\SYSTEM32\dwmapi.dll
0x00007fff158f0000 - 0x00007fff15987000 	C:\WINDOWS\SYSTEM32\apphelp.dll
0x00007fff159e0000 - 0x00007fff15a8b000 	C:\WINDOWS\system32\uxtheme.dll

dbghelp: loaded successfully - version: 4.0.5 - missing functions: none
symbol engine: initialized successfully - sym options: 0x614 - pdb path: .;D:\Mobile\jre\bin;C:\WINDOWS\SYSTEM32;C:\WINDOWS\WinSxS\amd64_microsoft.windows.common-controls_6595b64144ccf1df_6.0.22621.608_none_a9444ca7c10bb01d;D:\Mobile\jre\bin\server;C:\Users\quang\.gradle\native\e1d6ef7f7dcc3fd88c89a11ec53ec762bb8ba0a96d01ffa2cd45eb1d1d8dd5c5\windows-amd64;C:\Users\quang\.gradle\native\0d407fdbe67a94daf76414ababcb853783967236a71b16ec16e742cd7a986fd3\windows-amd64

VM Arguments:
jvm_args: --add-opens=java.base/java.util=ALL-UNNAMED --add-opens=java.base/java.lang=ALL-UNNAMED --add-opens=java.base/java.lang.invoke=ALL-UNNAMED --add-opens=java.base/java.util=ALL-UNNAMED --add-opens=java.prefs/java.util.prefs=ALL-UNNAMED --add-opens=java.prefs/java.util.prefs=ALL-UNNAMED --add-opens=java.base/java.nio.charset=ALL-UNNAMED --add-opens=java.base/java.net=ALL-UNNAMED --add-opens=java.base/java.util.concurrent.atomic=ALL-UNNAMED -Xmx2048m -Dfile.encoding=UTF-8 -Duser.country=US -Duser.language=en -Duser.variant 
java_command: org.gradle.launcher.daemon.bootstrap.GradleDaemon 7.4
java_class_path (initial): C:\Users\quang\.gradle\wrapper\dists\gradle-7.4-bin\c0gwcg53nkjbqw7r0h0umtfvt\gradle-7.4\lib\gradle-launcher-7.4.jar
Launcher Type: SUN_STANDARD

[Global flags]
     intx CICompilerCount                          = 4                                         {product} {ergonomic}
     uint ConcGCThreads                            = 2                                         {product} {ergonomic}
     uint G1ConcRefinementThreads                  = 8                                         {product} {ergonomic}
   size_t G1HeapRegionSize                         = 1048576                                   {product} {ergonomic}
    uintx GCDrainStackTargetSize                   = 64                                        {product} {ergonomic}
   size_t InitialHeapSize                          = 132120576                                 {product} {ergonomic}
   size_t MarkStackSize                            = 4194304                                   {product} {ergonomic}
   size_t MaxHeapSize                              = 2147483648                                {product} {command line}
   size_t MaxNewSize                               = 1287651328                                {product} {ergonomic}
   size_t MinHeapDeltaBytes                        = 1048576                                   {product} {ergonomic}
    uintx NonNMethodCodeHeapSize                   = 5836300                                {pd product} {ergonomic}
    uintx NonProfiledCodeHeapSize                  = 122910970                              {pd product} {ergonomic}
    uintx ProfiledCodeHeapSize                     = 122910970                              {pd product} {ergonomic}
    uintx ReservedCodeCacheSize                    = 251658240                              {pd product} {ergonomic}
     bool SegmentedCodeCache                       = true                                      {product} {ergonomic}
     bool UseCompressedClassPointers               = true                                 {lp64_product} {ergonomic}
     bool UseCompressedOops                        = true                                 {lp64_product} {ergonomic}
     bool UseG1GC                                  = true                                      {product} {ergonomic}
     bool UseLargePagesIndividualAllocation        = false                                  {pd product} {ergonomic}

Logging:
Log output configuration:
 #0: stdout all=warning uptime,level,tags
 #1: stderr all=off uptime,level,tags

Environment Variables:
PATH=C:\Program Files (x86)\Common Files\Oracle\Java\javapath;C:\ProgramData\Oracle\Java\javapath;C:\Windows\system32;C:\Windows;C:\Windows\System32\Wbem;C:\Windows\System32\WindowsPowerShell\v1.0\;C:\Windows\System32\OpenSSH\;C:\Program Files (x86)\Microsoft SQL Server\150\DTS\Binn\;C:\Program Files\Azure Data Studio\bin;C:\Program Files\Microsoft SQL Server\150\DTS\Binn\;C:\Program Files\Microsoft SQL Server\Client SDK\ODBC\170\Tools\Binn\;C:\Program Files (x86)\Microsoft SQL Server\150\Tools\Binn\;C:\Program Files\Microsoft SQL Server\150\Tools\Binn\;C:\Program Files\dotnet\;C:\Program Files\Git\cmd;C:\Program Files\nodejs\;C:\Program Files\Microsoft\Web Platform Installer\;%SystemRoot%\system32;%SystemRoot%;%SystemRoot%\System32\Wbem;%SYSTEMROOT%\System32\WindowsPowerShell\v1.0\;%SYSTEMROOT%\System32\OpenSSH\;C:\Users\quang\AppData\Local\Microsoft\WindowsApps;C:\Program Files\Azure Data Studio\bin;C:\Users\quang\AppData\Local\Programs\Microsoft VS Code\bin;C:\Users\quang\.dotnet\tools;C:\Users\quang\AppData\Roaming\npm;C:\Users\quang\AppData\Local\GitHubDesktop\bin
USERNAME=quang
OS=Windows_NT
PROCESSOR_IDENTIFIER=Intel64 Family 6 Model 142 Stepping 12, GenuineIntel



---------------  S Y S T E M  ---------------

OS: Windows 11 , 64 bit Build 22621 (10.0.22621.963)
OS uptime: 1 days 3:30 hours

CPU:total 8 (initial active 8) (4 cores per cpu, 2 threads per core) family 6 model 142 stepping 12 microcode 0xde, cmov, cx8, fxsr, mmx, sse, sse2, sse3, ssse3, sse4.1, sse4.2, popcnt, avx, avx2, aes, clmul, erms, 3dnowpref, lzcnt, ht, tsc, tscinvbit, bmi1, bmi2, adx, fma

Memory: 4k page, system-wide physical 7942M (290M free)
TotalPageFile size 21345M (AvailPageFile size 10M)
current process WorkingSet (physical memory assigned to process): 391M, peak: 395M
current process commit charge ("private bytes"): 467M, peak: 498M

vm_info: OpenJDK 64-Bit Server VM (11.0.13+0-b1751.21-8125866) for windows-amd64 JRE (11.0.13+0-b1751.21-8125866), built on Feb  2 2022 03:00:22 by "builder" with MS VC++ 14.0 (VS2015)

END.
